# JRE version: OpenJDK Runtime Environment Temurin-17.0.4+8 (17.0.4+8) (build 17.0.4+8)
# Java VM: OpenJDK 64-Bit Server VM Temurin-17.0.4+8 (17.0.4+8, mixed mode, sharing, tiered, compressed oops, compressed class ptrs, g1 gc, windows-amd64)
GC Precious Log:
 CPUs: 8 total, 8 available
 Memory: 16265M
 Large Page Support: Disabled
 NUMA Support: Disabled
 Compressed Oops: Enabled (Zero based)
 Heap Region Size: 2M
 Heap Min Capacity: 8M
 Heap Initial Capacity: 256M
 Heap Max Capacity: 4068M
 Pre-touch: Disabled
 Parallel Workers: 8
 Concurrent Workers: 2
 Concurrent Refinement Workers: 8
 Periodic GC: Disabled
Heap:
 garbage-first heap   total 348160K, used 206762K [0x0000000701c00000, 0x0000000800000000)
  region size 2048K, 3 young (6144K), 3 survivors (6144K)
 Metaspace       used 15792K, committed 16064K, reserved 1064960K
  class space    used 2274K, committed 2432K, reserved 1048576K
GC Heap History (15 events):
Event: 0.568 GC heap before
{Heap before GC invocations=0 (full 0):
 garbage-first heap   total 262144K, used 22528K [0x0000000701c00000, 0x0000000800000000)
  region size 2048K, 11 young (22528K), 0 survivors (0K)
 Metaspace       used 4751K, committed 4928K, reserved 1056768K
  class space    used 599K, committed 704K, reserved 1048576K
}
Event: 0.571 GC heap after
{Heap after GC invocations=1 (full 0):
 garbage-first heap   total 262144K, used 2602K [0x0000000701c00000, 0x0000000800000000)
  region size 2048K, 2 young (4096K), 2 survivors (4096K)
 Metaspace       used 4751K, committed 4928K, reserved 1056768K
  class space    used 599K, committed 704K, reserved 1048576K
}
Event: 1.614 GC heap before
{Heap before GC invocations=1 (full 0):
 garbage-first heap   total 262144K, used 76330K [0x0000000701c00000, 0x0000000800000000)
  region size 2048K, 20 young (40960K), 2 survivors (4096K)
 Metaspace       used 14032K, committed 14272K, reserved 1064960K
  class space    used 2127K, committed 2240K, reserved 1048576K
}
Event: 1.623 GC heap after
{Heap after GC invocations=2 (full 0):
 garbage-first heap   total 262144K, used 33569K [0x0000000701c00000, 0x0000000800000000)
  region size 2048K, 3 young (6144K), 3 survivors (6144K)
 Metaspace       used 14032K, committed 14272K, reserved 1064960K
  class space    used 2127K, committed 2240K, reserved 1048576K
}
Event: 3.872 GC heap before
{Heap before GC invocations=2 (full 0):
 garbage-first heap   total 262144K, used 103201K [0x0000000701c00000, 0x0000000800000000)
  region size 2048K, 7 young (14336K), 3 survivors (6144K)
 Metaspace       used 15547K, committed 15872K, reserved 1064960K
  class space    used 2255K, committed 2432K, reserved 1048576K
}
Event: 3.877 GC heap after
{Heap after GC invocations=3 (full 0):
 garbage-first heap   total 262144K, used 98257K [0x0000000701c00000, 0x0000000800000000)
  region size 2048K, 4 young (8192K), 4 survivors (8192K)
 Metaspace       used 15547K, committed 15872K, reserved 1064960K
  class space    used 2255K, committed 2432K, reserved 1048576K
}
Event: 4.011 GC heap before
{Heap before GC invocations=3 (full 0):
 garbage-first heap   total 262144K, used 126929K [0x0000000701c00000, 0x0000000800000000)
  region size 2048K, 5 young (10240K), 4 survivors (8192K)
 Metaspace       used 15654K, committed 15936K, reserved 1064960K
  class space    used 2266K, committed 2432K, reserved 1048576K
}
Event: 4.016 GC heap after
{Heap after GC invocations=4 (full 0):
 garbage-first heap   total 262144K, used 126959K [0x0000000701c00000, 0x0000000800000000)
  region size 2048K, 4 young (8192K), 4 survivors (8192K)
 Metaspace       used 15654K, committed 15936K, reserved 1064960K
  class space    used 2266K, committed 2432K, reserved 1048576K
}
Event: 4.062 GC heap before
{Heap before GC invocations=5 (full 0):
 garbage-first heap   total 262144K, used 137199K [0x0000000701c00000, 0x0000000800000000)
  region size 2048K, 5 young (10240K), 4 survivors (8192K)
 Metaspace       used 15656K, committed 15936K, reserved 1064960K
  class space    used 2266K, committed 2432K, reserved 1048576K
}
Event: 4.067 GC heap after
{Heap after GC invocations=6 (full 0):
 garbage-first heap   total 262144K, used 137343K [0x0000000701c00000, 0x0000000800000000)
  region size 2048K, 3 young (6144K), 3 survivors (6144K)
 Metaspace       used 15656K, committed 15936K, reserved 1064960K
  class space    used 2266K, committed 2432K, reserved 1048576K
}
Event: 5.279 GC heap before
{Heap before GC invocations=7 (full 0):
 garbage-first heap   total 280576K, used 168063K [0x0000000701c00000, 0x0000000800000000)
  region size 2048K, 5 young (10240K), 3 survivors (6144K)
 Metaspace       used 15787K, committed 16064K, reserved 1064960K
  class space    used 2274K, committed 2432K, reserved 1048576K
}
Event: 5.283 GC heap after
{Heap after GC invocations=8 (full 0):
 garbage-first heap   total 280576K, used 149482K [0x0000000701c00000, 0x0000000800000000)
  region size 2048K, 3 young (6144K), 3 survivors (6144K)
 Metaspace       used 15787K, committed 16064K, reserved 1064960K
  class space    used 2274K, committed 2432K, reserved 1048576K
}
Event: 5.394 GC heap before
{Heap before GC invocations=9 (full 0):
 garbage-first heap   total 305152K, used 178154K [0x0000000701c00000, 0x0000000800000000)
  region size 2048K, 4 young (8192K), 3 survivors (6144K)
 Metaspace       used 15792K, committed 16064K, reserved 1064960K
  class space    used 2274K, committed 2432K, reserved 1048576K
}
Event: 5.398 GC heap after
{Heap after GC invocations=10 (full 0):
 garbage-first heap   total 305152K, used 178331K [0x0000000701c00000, 0x0000000800000000)
  region size 2048K, 3 young (6144K), 3 survivors (6144K)
 Metaspace       used 15792K, committed 16064K, reserved 1064960K
  class space    used 2274K, committed 2432K, reserved 1048576K
}
Event: 5.501 GC heap before
{Heap before GC invocations=11 (full 0):
 garbage-first heap   total 348160K, used 207003K [0x0000000701c00000, 0x0000000800000000)
  region size 2048K, 4 young (8192K), 3 survivors (6144K)
 Metaspace       used 15792K, committed 16064K, reserved 1064960K
  class space    used 2274K, committed 2432K, reserved 1048576K
}

