# JRE version: OpenJDK Runtime Environment Temurin-17.0.4+8 (17.0.4+8) (build 17.0.4+8)
# Java VM: OpenJDK 64-Bit Server VM Temurin-17.0.4+8 (17.0.4+8, mixed mode, sharing, tiered, compressed oops, compressed class ptrs, g1 gc, windows-amd64)
GC Precious Log:
 CPUs: 8 total, 8 available
 Memory: 16265M
 Large Page Support: Disabled
 NUMA Support: Disabled
 Compressed Oops: Enabled (Zero based)
 Heap Region Size: 2M
 Heap Min Capacity: 8M
 Heap Initial Capacity: 256M
 Heap Max Capacity: 4068M
 Pre-touch: Disabled
 Parallel Workers: 8
 Concurrent Workers: 2
 Concurrent Refinement Workers: 8
 Periodic GC: Disabled
Heap:
 garbage-first heap   total 356352K, used 207615K [0x0000000701c00000, 0x0000000800000000)
  region size 2048K, 2 young (4096K), 2 survivors (4096K)
 Metaspace       used 15704K, committed 16000K, reserved 1064960K
  class space    used 2275K, committed 2432K, reserved 1048576K
GC Heap History (15 events):
Event: 0.657 GC heap before
{Heap before GC invocations=0 (full 0):
 garbage-first heap   total 262144K, used 22528K [0x0000000701c00000, 0x0000000800000000)
  region size 2048K, 11 young (22528K), 0 survivors (0K)
 Metaspace       used 4921K, committed 5120K, reserved 1056768K
  class space    used 618K, committed 704K, reserved 1048576K
}
Event: 0.661 GC heap after
{Heap after GC invocations=1 (full 0):
 garbage-first heap   total 262144K, used 2602K [0x0000000701c00000, 0x0000000800000000)
  region size 2048K, 2 young (4096K), 2 survivors (4096K)
 Metaspace       used 4921K, committed 5120K, reserved 1056768K
  class space    used 618K, committed 704K, reserved 1048576K
}
Event: 1.754 GC heap before
{Heap before GC invocations=1 (full 0):
 garbage-first heap   total 262144K, used 76330K [0x0000000701c00000, 0x0000000800000000)
  region size 2048K, 20 young (40960K), 2 survivors (4096K)
 Metaspace       used 14187K, committed 14400K, reserved 1064960K
  class space    used 2146K, committed 2240K, reserved 1048576K
}
Event: 1.760 GC heap after
{Heap after GC invocations=2 (full 0):
 garbage-first heap   total 262144K, used 33590K [0x0000000701c00000, 0x0000000800000000)
  region size 2048K, 3 young (6144K), 3 survivors (6144K)
 Metaspace       used 14187K, committed 14400K, reserved 1064960K
  class space    used 2146K, committed 2240K, reserved 1048576K
}
Event: 3.603 GC heap before
{Heap before GC invocations=2 (full 0):
 garbage-first heap   total 262144K, used 101174K [0x0000000701c00000, 0x0000000800000000)
  region size 2048K, 6 young (12288K), 3 survivors (6144K)
 Metaspace       used 15463K, committed 15744K, reserved 1064960K
  class space    used 2258K, committed 2432K, reserved 1048576K
}
Event: 3.606 GC heap after
{Heap after GC invocations=3 (full 0):
 garbage-first heap   total 262144K, used 98154K [0x0000000701c00000, 0x0000000800000000)
  region size 2048K, 3 young (6144K), 3 survivors (6144K)
 Metaspace       used 15463K, committed 15744K, reserved 1064960K
  class space    used 2258K, committed 2432K, reserved 1048576K
}
Event: 3.726 GC heap before
{Heap before GC invocations=3 (full 0):
 garbage-first heap   total 262144K, used 126826K [0x0000000701c00000, 0x0000000800000000)
  region size 2048K, 4 young (8192K), 3 survivors (6144K)
 Metaspace       used 15533K, committed 15808K, reserved 1064960K
  class space    used 2268K, committed 2432K, reserved 1048576K
}
Event: 3.729 GC heap after
{Heap after GC invocations=4 (full 0):
 garbage-first heap   total 262144K, used 126751K [0x0000000701c00000, 0x0000000800000000)
  region size 2048K, 3 young (6144K), 3 survivors (6144K)
 Metaspace       used 15533K, committed 15808K, reserved 1064960K
  class space    used 2268K, committed 2432K, reserved 1048576K
}
Event: 3.771 GC heap before
{Heap before GC invocations=5 (full 0):
 garbage-first heap   total 262144K, used 136991K [0x0000000701c00000, 0x0000000800000000)
  region size 2048K, 4 young (8192K), 3 survivors (6144K)
 Metaspace       used 15534K, committed 15808K, reserved 1064960K
  class space    used 2269K, committed 2432K, reserved 1048576K
}
Event: 3.774 GC heap after
{Heap after GC invocations=6 (full 0):
 garbage-first heap   total 262144K, used 137323K [0x0000000701c00000, 0x0000000800000000)
  region size 2048K, 3 young (6144K), 3 survivors (6144K)
 Metaspace       used 15534K, committed 15808K, reserved 1064960K
  class space    used 2269K, committed 2432K, reserved 1048576K
}
Event: 4.732 GC heap before
{Heap before GC invocations=7 (full 0):
 garbage-first heap   total 280576K, used 168043K [0x0000000701c00000, 0x0000000800000000)
  region size 2048K, 5 young (10240K), 3 survivors (6144K)
 Metaspace       used 15655K, committed 15936K, reserved 1064960K
  class space    used 2275K, committed 2432K, reserved 1048576K
}
Event: 4.735 GC heap after
{Heap after GC invocations=8 (full 0):
 garbage-first heap   total 280576K, used 150620K [0x0000000701c00000, 0x0000000800000000)
  region size 2048K, 4 young (8192K), 4 survivors (8192K)
 Metaspace       used 15655K, committed 15936K, reserved 1064960K
  class space    used 2275K, committed 2432K, reserved 1048576K
}
Event: 4.849 GC heap before
{Heap before GC invocations=9 (full 0):
 garbage-first heap   total 307200K, used 179292K [0x0000000701c00000, 0x0000000800000000)
  region size 2048K, 5 young (10240K), 4 survivors (8192K)
 Metaspace       used 15703K, committed 16000K, reserved 1064960K
  class space    used 2275K, committed 2432K, reserved 1048576K
}
Event: 4.852 GC heap after
{Heap after GC invocations=10 (full 0):
 garbage-first heap   total 307200K, used 179880K [0x0000000701c00000, 0x0000000800000000)
  region size 2048K, 2 young (4096K), 2 survivors (4096K)
 Metaspace       used 15703K, committed 16000K, reserved 1064960K
  class space    used 2275K, committed 2432K, reserved 1048576K
}
Event: 4.969 GC heap before
{Heap before GC invocations=11 (full 0):
 garbage-first heap   total 356352K, used 208552K [0x0000000701c00000, 0x0000000800000000)
  region size 2048K, 3 young (6144K), 2 survivors (4096K)
 Metaspace       used 15704K, committed 16000K, reserved 1064960K
  class space    used 2275K, committed 2432K, reserved 1048576K
}

