# JRE version: OpenJDK Runtime Environment Temurin-17.0.4+8 (17.0.4+8) (build 17.0.4+8)
# Java VM: OpenJDK 64-Bit Server VM Temurin-17.0.4+8 (17.0.4+8, mixed mode, sharing, tiered, compressed oops, compressed class ptrs, g1 gc, windows-amd64)
GC Precious Log:
 CPUs: 8 total, 8 available
 Memory: 16265M
 Large Page Support: Disabled
 NUMA Support: Disabled
 Compressed Oops: Enabled (Zero based)
 Heap Region Size: 2M
 Heap Min Capacity: 8M
 Heap Initial Capacity: 256M
 Heap Max Capacity: 4068M
 Pre-touch: Disabled
 Parallel Workers: 8
 Concurrent Workers: 2
 Concurrent Refinement Workers: 8
 Periodic GC: Disabled
Heap:
 garbage-first heap   total 368640K, used 218020K [0x0000000701c00000, 0x0000000800000000)
  region size 2048K, 1 young (2048K), 1 survivors (2048K)
 Metaspace       used 15867K, committed 16128K, reserved 1064960K
  class space    used 2278K, committed 2432K, reserved 1048576K
GC Heap History (17 events):
Event: 1.559 GC heap before
{Heap before GC invocations=0 (full 0):
 garbage-first heap   total 262144K, used 22528K [0x0000000701c00000, 0x0000000800000000)
  region size 2048K, 11 young (22528K), 0 survivors (0K)
 Metaspace       used 4933K, committed 5120K, reserved 1056768K
  class space    used 617K, committed 704K, reserved 1048576K
}
Event: 1.563 GC heap after
{Heap after GC invocations=1 (full 0):
 garbage-first heap   total 262144K, used 2687K [0x0000000701c00000, 0x0000000800000000)
  region size 2048K, 2 young (4096K), 2 survivors (4096K)
 Metaspace       used 4933K, committed 5120K, reserved 1056768K
  class space    used 617K, committed 704K, reserved 1048576K
}
Event: 4.666 GC heap before
{Heap before GC invocations=1 (full 0):
 garbage-first heap   total 262144K, used 76415K [0x0000000701c00000, 0x0000000800000000)
  region size 2048K, 20 young (40960K), 2 survivors (4096K)
 Metaspace       used 14370K, committed 14656K, reserved 1064960K
  class space    used 2155K, committed 2304K, reserved 1048576K
}
Event: 4.673 GC heap after
{Heap after GC invocations=2 (full 0):
 garbage-first heap   total 262144K, used 33663K [0x0000000701c00000, 0x0000000800000000)
  region size 2048K, 3 young (6144K), 3 survivors (6144K)
 Metaspace       used 14370K, committed 14656K, reserved 1064960K
  class space    used 2155K, committed 2304K, reserved 1048576K
}
Event: 6.893 GC heap before
{Heap before GC invocations=2 (full 0):
 garbage-first heap   total 262144K, used 101247K [0x0000000701c00000, 0x0000000800000000)
  region size 2048K, 6 young (12288K), 3 survivors (6144K)
 Metaspace       used 15543K, committed 15872K, reserved 1064960K
  class space    used 2261K, committed 2432K, reserved 1048576K
}
Event: 6.897 GC heap after
{Heap after GC invocations=3 (full 0):
 garbage-first heap   total 262144K, used 98631K [0x0000000701c00000, 0x0000000800000000)
  region size 2048K, 3 young (6144K), 3 survivors (6144K)
 Metaspace       used 15543K, committed 15872K, reserved 1064960K
  class space    used 2261K, committed 2432K, reserved 1048576K
}
Event: 7.036 GC heap before
{Heap before GC invocations=3 (full 0):
 garbage-first heap   total 262144K, used 127303K [0x0000000701c00000, 0x0000000800000000)
  region size 2048K, 4 young (8192K), 3 survivors (6144K)
 Metaspace       used 15635K, committed 15936K, reserved 1064960K
  class space    used 2271K, committed 2432K, reserved 1048576K
}
Event: 7.040 GC heap after
{Heap after GC invocations=4 (full 0):
 garbage-first heap   total 262144K, used 127208K [0x0000000701c00000, 0x0000000800000000)
  region size 2048K, 3 young (6144K), 3 survivors (6144K)
 Metaspace       used 15635K, committed 15936K, reserved 1064960K
  class space    used 2271K, committed 2432K, reserved 1048576K
}
Event: 7.095 GC heap before
{Heap before GC invocations=5 (full 0):
 garbage-first heap   total 262144K, used 137448K [0x0000000701c00000, 0x0000000800000000)
  region size 2048K, 4 young (8192K), 3 survivors (6144K)
 Metaspace       used 15646K, committed 15936K, reserved 1064960K
  class space    used 2271K, committed 2432K, reserved 1048576K
}
Event: 7.098 GC heap after
{Heap after GC invocations=6 (full 0):
 garbage-first heap   total 262144K, used 137338K [0x0000000701c00000, 0x0000000800000000)
  region size 2048K, 3 young (6144K), 3 survivors (6144K)
 Metaspace       used 15646K, committed 15936K, reserved 1064960K
  class space    used 2271K, committed 2432K, reserved 1048576K
}
Event: 16.648 GC heap before
{Heap before GC invocations=7 (full 0):
 garbage-first heap   total 280576K, used 168058K [0x0000000701c00000, 0x0000000800000000)
  region size 2048K, 5 young (10240K), 3 survivors (6144K)
 Metaspace       used 15836K, committed 16128K, reserved 1064960K
  class space    used 2278K, committed 2432K, reserved 1048576K
}
Event: 16.651 GC heap after
{Heap after GC invocations=8 (full 0):
 garbage-first heap   total 280576K, used 150677K [0x0000000701c00000, 0x0000000800000000)
  region size 2048K, 3 young (6144K), 3 survivors (6144K)
 Metaspace       used 15836K, committed 16128K, reserved 1064960K
  class space    used 2278K, committed 2432K, reserved 1048576K
}
Event: 16.689 GC heap before
{Heap before GC invocations=9 (full 0):
 garbage-first heap   total 280576K, used 160917K [0x0000000701c00000, 0x0000000800000000)
  region size 2048K, 4 young (8192K), 3 survivors (6144K)
 Metaspace       used 15855K, committed 16128K, reserved 1064960K
  class space    used 2278K, committed 2432K, reserved 1048576K
}
Event: 16.692 GC heap after
{Heap after GC invocations=10 (full 0):
 garbage-first heap   total 280576K, used 161041K [0x0000000701c00000, 0x0000000800000000)
  region size 2048K, 2 young (4096K), 2 survivors (4096K)
 Metaspace       used 15855K, committed 16128K, reserved 1064960K
  class space    used 2278K, committed 2432K, reserved 1048576K
}
Event: 16.832 GC heap before
{Heap before GC invocations=11 (full 0):
 garbage-first heap   total 321536K, used 189713K [0x0000000701c00000, 0x0000000800000000)
  region size 2048K, 3 young (6144K), 2 survivors (4096K)
 Metaspace       used 15862K, committed 16128K, reserved 1064960K
  class space    used 2278K, committed 2432K, reserved 1048576K
}
Event: 16.834 GC heap after
{Heap after GC invocations=12 (full 0):
 garbage-first heap   total 321536K, used 190438K [0x0000000701c00000, 0x0000000800000000)
  region size 2048K, 2 young (4096K), 2 survivors (4096K)
 Metaspace       used 15862K, committed 16128K, reserved 1064960K
  class space    used 2278K, committed 2432K, reserved 1048576K
}
Event: 16.968 GC heap before
{Heap before GC invocations=13 (full 0):
 garbage-first heap   total 368640K, used 219110K [0x0000000701c00000, 0x0000000800000000)
  region size 2048K, 3 young (6144K), 2 survivors (4096K)
 Metaspace       used 15867K, committed 16128K, reserved 1064960K
  class space    used 2278K, committed 2432K, reserved 1048576K
}

